*** Starting uWSGI 2.0.23 (64bit) on [Mon Dec 11 17:28:25 2023] ***
compiled with version: 4.8.5 20150623 (Red Hat 4.8.5-44) on 16 November 2023 06:16:38
os: Linux-3.10.0-1160.102.1.el7.x86_64 #1 SMP Tue Oct 17 15:42:21 UTC 2023
nodename: iZbp1fxprlld86seonolyrZ
machine: x86_64
clock source: unix
pcre jit disabled
detected number of CPU cores: 2
current working directory: /root
writing pidfile to /root/projects/GrowthVision/GrowthVision/uwsgi.pid
detected binary path: /root/projects/GrowthVision/env/bin/uwsgi
uWSGI running as root, you can use --uid/--gid/--chroot options
*** WARNING: you are running uWSGI as root !!! (use the --uid flag) *** 
chdir() to /root/projects/GrowthVision
your processes number limit is 7268
your memory page size is 4096 bytes
detected max file descriptor number: 65535
lock engine: pthread robust mutexes
thunder lock: disabled (you can enable it with --thunder-lock)
uwsgi socket 0 bound to TCP address 172.26.57.77:8000 fd 3
uWSGI running as root, you can use --uid/--gid/--chroot options
*** WARNING: you are running uWSGI as root !!! (use the --uid flag) *** 
Python version: 3.9.12 (main, Nov 15 2023, 15:45:45)  [GCC 4.8.5 20150623 (Red Hat 4.8.5-44)]
Python main interpreter initialized at 0x1f5c0e0
uWSGI running as root, you can use --uid/--gid/--chroot options
*** WARNING: you are running uWSGI as root !!! (use the --uid flag) *** 
python threads support enabled
your server socket listen backlog is limited to 100 connections
your mercy for graceful operations on workers is 60 seconds
mapped 312864 bytes (305 KB) for 8 cores
*** Operational MODE: preforking+threaded ***
WSGI app 0 (mountpoint='') ready in 1 seconds on interpreter 0x1f5c0e0 pid: 6738 (default app)
uWSGI running as root, you can use --uid/--gid/--chroot options
*** WARNING: you are running uWSGI as root !!! (use the --uid flag) *** 
*** uWSGI is running in multiple interpreter mode ***
spawned uWSGI master process (pid: 6738)
spawned uWSGI worker 1 (pid: 6739, cores: 4)
spawned uWSGI worker 2 (pid: 6743, cores: 4)
*** Stats server enabled on /root/projects/GrowthVision/GrowthVision/uwsgi.status fd: 11 ***
定时任务正在运行
定时任务正在运行
[pid: 6739|app: 0|req: 1/1] 112.226.157.52 () {58 vars in 1107 bytes} [Mon Dec 11 17:28:37 2023] GET / => generated 0 bytes in 178 msecs (HTTP/1.1 302) 8 headers in 241 bytes (1 switches on core 0)
[pid: 6739|app: 0|req: 2/2] 112.226.157.52 () {58 vars in 1119 bytes} [Mon Dec 11 17:28:38 2023] GET /index/ => generated 32345 bytes in 54 msecs (HTTP/1.1 200) 7 headers in 223 bytes (1 switches on core 1)
[pid: 6739|app: 0|req: 3/3] 112.226.157.52 () {58 vars in 1028 bytes} [Mon Dec 11 17:28:38 2023] GET /index/echarts/ => generated 2609 bytes in 16 msecs (HTTP/1.1 200) 7 headers in 214 bytes (1 switches on core 2)
SIGINT/SIGTERM received...killing workers...
worker 1 buried after 1 seconds
worker 2 buried after 1 seconds
goodbye to uWSGI.
VACUUM: pidfile removed.
VACUUM: unix socket /root/projects/GrowthVision/GrowthVision/uwsgi.status (stats) removed.
